2014-04-30 10:17:05 | 192.168.0.1 | /index.php/soap/ |	<b>出错</b>: MySQL Query Error<br>
						<b>SQL</b>: SELECT ClientLogID,
				URLID,
				cIP,
				cData,
				cAppendTime
				 FROM `tbClientLogInfo`  ORDER BY cUpdateTime desc LIMIT 0,10<br>
						<b>错误详情</b>: Unknown column 'cUpdateTime' in 'order clause'<br>
						<b>错误代码</b>:1054<br>
2014-04-30 10:17:40 | 192.168.0.1 | /index.php/soap/ |	<b>出错</b>: MySQL Query Error<br>
						<b>SQL</b>: SELECT ClientLogID,
				URLID,
				cIP,
				cData,
				cAppendTime
				 FROM `tbClientLogInfo`  ORDER BY cUpdateTime desc LIMIT 0,10<br>
						<b>错误详情</b>: Unknown column 'cUpdateTime' in 'order clause'<br>
						<b>错误代码</b>:1054<br>
2014-04-30 10:18:16 | 192.168.0.1 | /index.php/soap/ |	<b>出错</b>: MySQL Query Error<br>
						<b>SQL</b>: SELECT ClientLogID,
				URLID,
				cIP,
				cData,
				cAppendTime
				 FROM `tbClientLogInfo`  ORDER BY cUpdateTime desc LIMIT 0,10<br>
						<b>错误详情</b>: Unknown column 'cUpdateTime' in 'order clause'<br>
						<b>错误代码</b>:1054<br>
2014-04-30 10:18:23 | 192.168.0.1 | /index.php/soap/ |	<b>出错</b>: MySQL Query Error<br>
						<b>SQL</b>: SELECT ClientLogID,
				URLID,
				cIP,
				cData,
				cAppendTime
				 FROM `tbClientLogInfo`  ORDER BY cUpdateTime desc LIMIT 0,10<br>
						<b>错误详情</b>: Unknown column 'cUpdateTime' in 'order clause'<br>
						<b>错误代码</b>:1054<br>
2014-04-30 10:18:27 | 192.168.0.1 | /index.php/soap/ |	<b>出错</b>: MySQL Query Error<br>
						<b>SQL</b>: SELECT ClientLogID,
				URLID,
				cIP,
				cData,
				cAppendTime
				 FROM `tbClientLogInfo`  ORDER BY cUpdateTime desc LIMIT 0,10<br>
						<b>错误详情</b>: Unknown column 'cUpdateTime' in 'order clause'<br>
						<b>错误代码</b>:1054<br>
2014-04-30 10:18:35 | 192.168.0.1 | /index.php/soap/ |	<b>出错</b>: MySQL Query Error<br>
						<b>SQL</b>: SELECT ClientLogID,
				URLID,
				cIP,
				cData,
				cAppendTime
				 FROM `tbClientLogInfo`  ORDER BY cUpdateTime desc LIMIT 0,10<br>
						<b>错误详情</b>: Unknown column 'cUpdateTime' in 'order clause'<br>
						<b>错误代码</b>:1054<br>
2014-04-30 10:18:37 | 192.168.0.1 | /index.php/soap/ |	<b>出错</b>: MySQL Query Error<br>
						<b>SQL</b>: SELECT ClientLogID,
				URLID,
				cIP,
				cData,
				cAppendTime
				 FROM `tbClientLogInfo`  ORDER BY cUpdateTime desc LIMIT 0,10<br>
						<b>错误详情</b>: Unknown column 'cUpdateTime' in 'order clause'<br>
						<b>错误代码</b>:1054<br>
2014-04-30 10:19:41 | 192.168.0.1 | /index.php/soap/ |	<b>出错</b>: MySQL Query Error<br>
						<b>SQL</b>: SELECT ClientLogID,
				URLID,
				cIP,
				cData,
				cAppendTime
				 FROM `tbClientLogInfo`  ORDER BY cUpdateTime desc LIMIT 0,10<br>
						<b>错误详情</b>: Unknown column 'cUpdateTime' in 'order clause'<br>
						<b>错误代码</b>:1054<br>
2014-04-30 10:35:14 | 192.168.0.1 | /index.php/soap/ |	<b>出错</b>: MySQL Query Error<br>
						<b>SQL</b>: SELECT SysLogID,
					slActType,
					slActParameter,
					slReCallValue,
					slAppendTime				
					 FROM `tbSysLogInfo`  ORDER BY sUpdateTime desc LIMIT 0,10<br>
						<b>错误详情</b>: Unknown column 'sUpdateTime' in 'order clause'<br>
						<b>错误代码</b>:1054<br>
2014-04-30 10:35:17 | 192.168.0.1 | /index.php/soap/ |	<b>出错</b>: MySQL Query Error<br>
						<b>SQL</b>: SELECT ClientLogID,
				URLID,
				cIP,
				cData,
				cAppendTime
				 FROM `tbClientLogInfo`  ORDER BY cUpdateTime desc LIMIT 0,10<br>
						<b>错误详情</b>: Unknown column 'cUpdateTime' in 'order clause'<br>
						<b>错误代码</b>:1054<br>
2014-04-30 10:35:21 | 192.168.0.1 | /index.php/soap/ |	<b>出错</b>: MySQL Query Error<br>
						<b>SQL</b>: SELECT ClientLogID,
				URLID,
				cIP,
				cData,
				cAppendTime
				 FROM `tbClientLogInfo`  ORDER BY cUpdateTime desc LIMIT 0,10<br>
						<b>错误详情</b>: Unknown column 'cUpdateTime' in 'order clause'<br>
						<b>错误代码</b>:1054<br>
2014-04-30 10:35:26 | 192.168.0.1 | /index.php/soap/ |	<b>出错</b>: MySQL Query Error<br>
						<b>SQL</b>: SELECT SysLogID,
					slActType,
					slActParameter,
					slReCallValue,
					slAppendTime				
					 FROM `tbSysLogInfo`  ORDER BY sUpdateTime desc LIMIT 0,10<br>
						<b>错误详情</b>: Unknown column 'sUpdateTime' in 'order clause'<br>
						<b>错误代码</b>:1054<br>
2014-04-30 10:35:30 | 192.168.0.1 | /index.php/soap/ |	<b>出错</b>: MySQL Query Error<br>
						<b>SQL</b>: SELECT ClientLogID,
				URLID,
				cIP,
				cData,
				cAppendTime
				 FROM `tbClientLogInfo`  ORDER BY cUpdateTime desc LIMIT 0,10<br>
						<b>错误详情</b>: Unknown column 'cUpdateTime' in 'order clause'<br>
						<b>错误代码</b>:1054<br>
2014-04-30 10:35:31 | 192.168.0.1 | /index.php/soap/ |	<b>出错</b>: MySQL Query Error<br>
						<b>SQL</b>: SELECT SysLogID,
					slActType,
					slActParameter,
					slReCallValue,
					slAppendTime				
					 FROM `tbSysLogInfo`  ORDER BY sUpdateTime desc LIMIT 0,10<br>
						<b>错误详情</b>: Unknown column 'sUpdateTime' in 'order clause'<br>
						<b>错误代码</b>:1054<br>
2014-04-30 10:35:32 | 192.168.0.1 | /index.php/soap/ |	<b>出错</b>: MySQL Query Error<br>
						<b>SQL</b>: SELECT ClientLogID,
				URLID,
				cIP,
				cData,
				cAppendTime
				 FROM `tbClientLogInfo`  ORDER BY cUpdateTime desc LIMIT 0,10<br>
						<b>错误详情</b>: Unknown column 'cUpdateTime' in 'order clause'<br>
						<b>错误代码</b>:1054<br>
2014-04-30 10:35:33 | 192.168.0.1 | /index.php/soap/ |	<b>出错</b>: MySQL Query Error<br>
						<b>SQL</b>: SELECT SysLogID,
					slActType,
					slActParameter,
					slReCallValue,
					slAppendTime				
					 FROM `tbSysLogInfo`  ORDER BY sUpdateTime desc LIMIT 0,10<br>
						<b>错误详情</b>: Unknown column 'sUpdateTime' in 'order clause'<br>
						<b>错误代码</b>:1054<br>
2014-04-30 10:35:34 | 192.168.0.1 | /index.php/soap/ |	<b>出错</b>: MySQL Query Error<br>
						<b>SQL</b>: SELECT ClientLogID,
				URLID,
				cIP,
				cData,
				cAppendTime
				 FROM `tbClientLogInfo`  ORDER BY cUpdateTime desc LIMIT 0,10<br>
						<b>错误详情</b>: Unknown column 'cUpdateTime' in 'order clause'<br>
						<b>错误代码</b>:1054<br>
2014-04-30 10:41:16 | 192.168.0.1 | /index.php/soap/ |	<b>出错</b>: MySQL Query Error<br>
						<b>SQL</b>: SELECT SysLogID,
					slActType,
					slActParameter,
					slReCallValue,
					slAppendTime				
					 FROM `tbSysLogInfo`  ORDER BY sUpdateTime desc LIMIT 0,10<br>
						<b>错误详情</b>: Unknown column 'sUpdateTime' in 'order clause'<br>
						<b>错误代码</b>:1054<br>
2014-04-30 10:41:50 | 192.168.0.1 | /index.php/soap/ |	<b>出错</b>: MySQL Query Error<br>
						<b>SQL</b>: SELECT ClientLogID,
				URLID,
				cIP,
				cData,
				cAppendTime
				 FROM `tbClientLogInfo`  ORDER BY cUpdateTime desc LIMIT 0,10<br>
						<b>错误详情</b>: Unknown column 'cUpdateTime' in 'order clause'<br>
						<b>错误代码</b>:1054<br>
2014-04-30 10:45:32 | 192.168.0.1 | /index.php/soap/ |	<b>出错</b>: MySQL Query Error<br>
						<b>SQL</b>: SELECT SysLogID,
					slActType,
					slActParameter,
					slReCallValue,
					slAppendTime				
					 FROM `tbSysLogInfo`  ORDER BY sAppendTime desc LIMIT 0,10<br>
						<b>错误详情</b>: Unknown column 'sAppendTime' in 'order clause'<br>
						<b>错误代码</b>:1054<br>
2014-04-30 10:45:42 | 192.168.0.1 | /index.php/soap/ |	<b>出错</b>: MySQL Query Error<br>
						<b>SQL</b>: SELECT SysLogID,
					slActType,
					slActParameter,
					slReCallValue,
					slAppendTime				
					 FROM `tbSysLogInfo`  ORDER BY sAppendTime desc LIMIT 0,10<br>
						<b>错误详情</b>: Unknown column 'sAppendTime' in 'order clause'<br>
						<b>错误代码</b>:1054<br>
2014-04-30 10:45:43 | 192.168.0.1 | /index.php/soap/ |	<b>出错</b>: MySQL Query Error<br>
						<b>SQL</b>: SELECT SysLogID,
					slActType,
					slActParameter,
					slReCallValue,
					slAppendTime				
					 FROM `tbSysLogInfo`  ORDER BY sAppendTime desc LIMIT 0,10<br>
						<b>错误详情</b>: Unknown column 'sAppendTime' in 'order clause'<br>
						<b>错误代码</b>:1054<br>
2014-04-30 10:45:44 | 192.168.0.1 | /index.php/soap/ |	<b>出错</b>: MySQL Query Error<br>
						<b>SQL</b>: SELECT SysLogID,
					slActType,
					slActParameter,
					slReCallValue,
					slAppendTime				
					 FROM `tbSysLogInfo`  ORDER BY sAppendTime desc LIMIT 0,10<br>
						<b>错误详情</b>: Unknown column 'sAppendTime' in 'order clause'<br>
						<b>错误代码</b>:1054<br>
