2015-01-05 14:54:22 | 192.168.0.252 | /index.php/soap/ |	<b>出错</b>: MySQL Query Error<br>
						<b>SQL</b>: SELECT URLID,
				uCode,
					URLStr,
					uAppendTime,
					uUpdateTime,
					uCount,
					uState
				 FROM `tbURLInfo`  ORDER BY uAppendTime desc LIMIT -10,10<br>
						<b>错误详情</b>: You have an error in your SQL syntax; check the manual that corresponds to your MySQL server version for the right syntax to use near '-10,10' at line 8<br>
						<b>错误代码</b>:1064<br>
2015-01-05 14:54:29 | 192.168.0.252 | /index.php/soap/ |	<b>出错</b>: MySQL Query Error<br>
						<b>SQL</b>: SELECT URLID,
				uCode,
					URLStr,
					uAppendTime,
					uUpdateTime,
					uCount,
					uState
				 FROM `tbURLInfo`  ORDER BY uAppendTime desc LIMIT -10,10<br>
						<b>错误详情</b>: You have an error in your SQL syntax; check the manual that corresponds to your MySQL server version for the right syntax to use near '-10,10' at line 8<br>
						<b>错误代码</b>:1064<br>
