2015-07-24 02:02:11 | 192.168.0.191 | /index.php/soap/ |	<b>出错</b>: MySQL Query Error<br>
						<b>SQL</b>: SELECT count(*) FROM `tbURLInfo`  WHERE date_format(from_unixtime(uAppendTime), '%Y-%m-%d %H') = '2015-07-24 02'<br>
						<b>错误详情</b>: Table 'tburlinfo' is marked as crashed and should be repaired<br>
						<b>错误代码</b>:1194<br>
2015-07-24 03:02:17 | 192.168.0.191 | /index.php/soap/ |	<b>出错</b>: MySQL Query Error<br>
						<b>SQL</b>: SELECT count(*) FROM `tbURLInfo`  WHERE date_format(from_unixtime(uAppendTime), '%Y-%m-%d %H') = '2015-07-24 03'<br>
						<b>错误详情</b>: Table 'tburlinfo' is marked as crashed and should be repaired<br>
						<b>错误代码</b>:1194<br>
2015-07-24 03:20:15 | 192.168.0.191 | /index.php/soap/ |	<b>出错</b>: MySQL Query Error<br>
						<b>SQL</b>: SELECT count(*) FROM `tbURLInfo`  WHERE date_format(from_unixtime(uAppendTime), '%Y-%m-%d %H') = '2015-07-24 03'<br>
						<b>错误详情</b>: Table 'tburlinfo' is marked as crashed and should be repaired<br>
						<b>错误代码</b>:1194<br>
2015-07-24 04:02:27 | 192.168.0.191 | /index.php/soap/ |	<b>出错</b>: MySQL Query Error<br>
						<b>SQL</b>: SELECT count(*) FROM `tbURLInfo`  WHERE date_format(from_unixtime(uAppendTime), '%Y-%m-%d %H') = '2015-07-24 04'<br>
						<b>错误详情</b>: Table 'tburlinfo' is marked as crashed and should be repaired<br>
						<b>错误代码</b>:1194<br>
2015-07-24 04:05:52 | 192.168.0.191 | /index.php/soap/ |	<b>出错</b>: MySQL Query Error<br>
						<b>SQL</b>: SELECT count(*) FROM `tbURLInfo`  WHERE date_format(from_unixtime(uAppendTime), '%Y-%m-%d %H') = '2015-07-24 05'<br>
						<b>错误详情</b>: Table 'tburlinfo' is marked as crashed and should be repaired<br>
						<b>错误代码</b>:1194<br>
2015-07-24 06:02:31 | 192.168.0.191 | /index.php/soap/ |	<b>出错</b>: MySQL Query Error<br>
						<b>SQL</b>: SELECT count(*) FROM `tbURLInfo`  WHERE date_format(from_unixtime(uAppendTime), '%Y-%m-%d %H') = '2015-07-24 06'<br>
						<b>错误详情</b>: Table 'tburlinfo' is marked as crashed and should be repaired<br>
						<b>错误代码</b>:1194<br>
2015-07-24 06:05:15 | 192.168.0.191 | /index.php/soap/ |	<b>出错</b>: MySQL Query Error<br>
						<b>SQL</b>: SELECT count(*) FROM `tbURLInfo`  WHERE date_format(from_unixtime(uAppendTime), '%Y-%m-%d %H') = '2015-07-24 07'<br>
						<b>错误详情</b>: Table 'tburlinfo' is marked as crashed and should be repaired<br>
						<b>错误代码</b>:1194<br>
2015-07-24 08:03:19 | 192.168.0.191 | /index.php/soap/ |	<b>出错</b>: MySQL Query Error<br>
						<b>SQL</b>: SELECT count(*) FROM `tbURLInfo`  WHERE date_format(from_unixtime(uAppendTime), '%Y-%m-%d %H') = '2015-07-24 08'<br>
						<b>错误详情</b>: Table 'tburlinfo' is marked as crashed and should be repaired<br>
						<b>错误代码</b>:1194<br>
2015-07-24 08:27:35 | 192.168.0.191 | /index.php/soap/ |	<b>出错</b>: MySQL Query Error<br>
						<b>SQL</b>: SELECT count(*) FROM `tbURLInfo`  WHERE date_format(from_unixtime(uAppendTime), '%Y-%m-%d %H') = '2015-07-24 08'<br>
						<b>错误详情</b>: Table 'tburlinfo' is marked as crashed and should be repaired<br>
						<b>错误代码</b>:1194<br>
2015-07-24 09:04:05 | 192.168.0.191 | /index.php/soap/ |	<b>出错</b>: MySQL Query Error<br>
						<b>SQL</b>: SELECT count(*) FROM `tbURLInfo`  WHERE date_format(from_unixtime(uAppendTime), '%Y-%m-%d %H') = '2015-07-24 09'<br>
						<b>错误详情</b>: Table 'tburlinfo' is marked as crashed and should be repaired<br>
						<b>错误代码</b>:1194<br>
2015-07-24 09:17:47 | 192.168.0.191 | /index.php/soap/ |	<b>出错</b>: MySQL Query Error<br>
						<b>SQL</b>: SELECT count(*) FROM `tbURLInfo`  WHERE date_format(from_unixtime(uAppendTime), '%Y-%m-%d %H') = '2015-07-24 09'<br>
						<b>错误详情</b>: Table 'tburlinfo' is marked as crashed and should be repaired<br>
						<b>错误代码</b>:1194<br>
2015-07-24 10:03:52 | 192.168.0.191 | /index.php/soap/ |	<b>出错</b>: MySQL Query Error<br>
						<b>SQL</b>: SELECT count(*) FROM `tbURLInfo`  WHERE date_format(from_unixtime(uAppendTime), '%Y-%m-%d %H') = '2015-07-24 10'<br>
						<b>错误详情</b>: Table 'tburlinfo' is marked as crashed and should be repaired<br>
						<b>错误代码</b>:1194<br>
2015-07-24 10:08:17 | 192.168.0.191 | /index.php/soap/ |	<b>出错</b>: MySQL Query Error<br>
						<b>SQL</b>: SELECT count(*) FROM `tbURLInfo`  WHERE date_format(from_unixtime(uAppendTime), '%Y-%m-%d %H') = '2015-07-24 10'<br>
						<b>错误详情</b>: Table 'tburlinfo' is marked as crashed and should be repaired<br>
						<b>错误代码</b>:1194<br>
2015-07-24 11:04:14 | 192.168.0.191 | /index.php/soap/ |	<b>出错</b>: MySQL Query Error<br>
						<b>SQL</b>: SELECT count(*) FROM `tbURLInfo`  WHERE date_format(from_unixtime(uAppendTime), '%Y-%m-%d %H') = '2015-07-24 11'<br>
						<b>错误详情</b>: Table 'tburlinfo' is marked as crashed and should be repaired<br>
						<b>错误代码</b>:1194<br>
2015-07-24 11:08:43 | 192.168.0.191 | /index.php/soap/ |	<b>出错</b>: MySQL Query Error<br>
						<b>SQL</b>: SELECT count(*) FROM `tbURLInfo`  WHERE date_format(from_unixtime(uAppendTime), '%Y-%m-%d %H') = '2015-07-24 12'<br>
						<b>错误详情</b>: Table 'tburlinfo' is marked as crashed and should be repaired<br>
						<b>错误代码</b>:1194<br>
2015-07-24 12:41:08 | 192.168.0.191 | /index.php/soap/ |	<b>出错</b>: MySQL Query Error<br>
						<b>SQL</b>: SELECT count(*) FROM `tbURLInfo`  WHERE date_format(from_unixtime(uAppendTime), '%Y-%m-%d %H') = '2015-07-24 13'<br>
						<b>错误详情</b>: Table 'tburlinfo' is marked as crashed and should be repaired<br>
						<b>错误代码</b>:1194<br>
2015-07-24 14:03:51 | 192.168.0.191 | /index.php/soap/ |	<b>出错</b>: MySQL Query Error<br>
						<b>SQL</b>: SELECT count(*) FROM `tbURLInfo`  WHERE date_format(from_unixtime(uAppendTime), '%Y-%m-%d %H') = '2015-07-24 14'<br>
						<b>错误详情</b>: Table 'tburlinfo' is marked as crashed and should be repaired<br>
						<b>错误代码</b>:1194<br>
2015-07-24 14:18:08 | 192.168.0.191 | /index.php/soap/ |	<b>出错</b>: MySQL Query Error<br>
						<b>SQL</b>: SELECT count(*) FROM `tbURLInfo`  WHERE date_format(from_unixtime(uAppendTime), '%Y-%m-%d %H') = '2015-07-24 14'<br>
						<b>错误详情</b>: Table 'tburlinfo' is marked as crashed and should be repaired<br>
						<b>错误代码</b>:1194<br>
2015-07-24 15:02:48 | 192.168.0.191 | /index.php/soap/ |	<b>出错</b>: MySQL Query Error<br>
						<b>SQL</b>: SELECT count(*) FROM `tbURLInfo`  WHERE date_format(from_unixtime(uAppendTime), '%Y-%m-%d %H') = '2015-07-24 15'<br>
						<b>错误详情</b>: Table 'tburlinfo' is marked as crashed and should be repaired<br>
						<b>错误代码</b>:1194<br>
2015-07-24 15:06:58 | 192.168.0.191 | /index.php/soap/ |	<b>出错</b>: MySQL Query Error<br>
						<b>SQL</b>: SELECT count(*) FROM `tbURLInfo`  WHERE date_format(from_unixtime(uAppendTime), '%Y-%m-%d %H') = '2015-07-24 16'<br>
						<b>错误详情</b>: Table 'tburlinfo' is marked as crashed and should be repaired<br>
						<b>错误代码</b>:1194<br>
2015-07-24 15:16:01 | 192.168.0.252 | /index.php/soap/ |	<b>出错</b>: MySQL Query Error<br>
						<b>SQL</b>: SELECT URLID,
				uCode,
					URLStr,
					uAppendTime,
					uUpdateTime,
					uCount,
					uState
				 FROM `tbURLInfo`  ORDER BY uAppendTime desc LIMIT 0,10<br>
						<b>错误详情</b>: Table 'tburlinfo' is marked as crashed and should be repaired<br>
						<b>错误代码</b>:1194<br>
2015-07-24 15:17:37 | 192.168.0.252 | /index.php/soap/ |	<b>出错</b>: MySQL Query Error<br>
						<b>SQL</b>: SELECT URLID,
				uCode,
					URLStr,
					uAppendTime,
					uUpdateTime,
					uCount,
					uState
				 FROM `tbURLInfo`  ORDER BY uAppendTime desc LIMIT 0,10<br>
						<b>错误详情</b>: Table 'tburlinfo' is marked as crashed and should be repaired<br>
						<b>错误代码</b>:1194<br>
2015-07-24 15:21:39 | 192.168.0.252 | /index.php/soap/ |	<b>出错</b>: MySQL Query Error<br>
						<b>SQL</b>: SELECT URLID,
				uCode,
					URLStr,
					uAppendTime,
					uUpdateTime,
					uCount,
					uState
				 FROM `tbURLInfo`  ORDER BY uAppendTime desc LIMIT 0,10<br>
						<b>错误详情</b>: Table 'tburlinfo' is marked as crashed and should be repaired<br>
						<b>错误代码</b>:1194<br>
2015-07-24 15:21:48 | 192.168.0.252 | /index.php/soap/ |	<b>出错</b>: MySQL Query Error<br>
						<b>SQL</b>: SELECT URLID,
				uCode,
					URLStr,
					uAppendTime,
					uUpdateTime,
					uCount,
					uState
				 FROM `tbURLInfo`  ORDER BY uAppendTime desc LIMIT 0,10<br>
						<b>错误详情</b>: Table 'tburlinfo' is marked as crashed and should be repaired<br>
						<b>错误代码</b>:1194<br>
2015-07-24 17:03:39 | 192.168.0.191 | /index.php/soap/ |	<b>出错</b>: MySQL Query Error<br>
						<b>SQL</b>: SELECT count(*) FROM `tbURLInfo`  WHERE date_format(from_unixtime(uAppendTime), '%Y-%m-%d %H') = '2015-07-24 17'<br>
						<b>错误详情</b>: Table 'tburlinfo' is marked as crashed and should be repaired<br>
						<b>错误代码</b>:1194<br>
